<?xml version="1.0" encoding="UTF-8"?>
<!-- Generated by org.testng.reporters.JUnitReportReporter -->
<testsuite hostname="5CD7166QYB-HP" name="DriverFactory.CH_DataDriverScript" tests="1" failures="0" timestamp="16 Oct 2017 04:05:27 GMT" time="86.638" errors="0">
  <testcase name="ch_enroll" time="86.638" classname="DriverFactory.CH_DataDriverScript"/>
</testsuite> <!-- DriverFactory.CH_DataDriverScript -->
