<?xml version="1.0" encoding="UTF-8"?>
<!-- Generated by org.testng.reporters.JUnitReportReporter -->
<testsuite hostname="5CD7166QYB-HP" name="DriverFactory.VisaClosure" tests="1" failures="0" timestamp="16 Oct 2017 09:54:23 GMT" time="63.468" errors="0">
  <testcase name="cardClosure" time="63.468" classname="DriverFactory.VisaClosure"/>
</testsuite> <!-- DriverFactory.VisaClosure -->
