<?xml version="1.0" encoding="UTF-8"?>
<!-- Generated by org.testng.reporters.JUnitReportReporter -->
<testsuite hostname="5CD7166QYB-HP" name="DriverFactory.AppTest" tests="1" failures="0" timestamp="2 Feb 2018 12:14:39 GMT" time="106.198" errors="0">
  <testcase name="kickStart" time="106.198" classname="DriverFactory.AppTest"/>
</testsuite> <!-- DriverFactory.AppTest -->
